<?xml version="1.0" encoding="UTF-8"?>
<coverage generated="1609232266624" clover="3.2.0">
  <project timestamp="1609232266624" name="All files">
    <metrics statements="45" coveredstatements="45" conditionals="16" coveredconditionals="15" methods="15" coveredmethods="15" elements="76" coveredelements="75" complexity="0" loc="45" ncloc="45" packages="1" files="1" classes="1"/>
    <file name="entryFunctions.js" path="/home/jjj/Code/ahorroJS/model/entryFunctions.js">
      <metrics statements="45" coveredstatements="45" conditionals="16" coveredconditionals="15" methods="15" coveredmethods="15"/>
      <line num="3" count="1" type="stmt"/>
      <line num="4" count="1" type="stmt"/>
      <line num="5" count="1" type="stmt"/>
      <line num="7" count="1" type="stmt"/>
      <line num="8" count="1" type="stmt"/>
      <line num="11" count="3" type="cond" truecount="2" falsecount="0"/>
      <line num="13" count="2" type="cond" truecount="1" falsecount="1"/>
      <line num="14" count="2" type="stmt"/>
      <line num="15" count="2" type="stmt"/>
      <line num="16" count="2" type="stmt"/>
      <line num="18" count="2" type="cond" truecount="2" falsecount="0"/>
      <line num="19" count="1" type="stmt"/>
      <line num="20" count="1" type="stmt"/>
      <line num="21" count="1" type="stmt"/>
      <line num="24" count="1" type="stmt"/>
      <line num="28" count="3" type="stmt"/>
      <line num="32" count="2" type="cond" truecount="2" falsecount="0"/>
      <line num="33" count="1" type="stmt"/>
      <line num="34" count="1" type="stmt"/>
      <line num="41" count="4" type="cond" truecount="2" falsecount="0"/>
      <line num="42" count="4" type="cond" truecount="2" falsecount="0"/>
      <line num="43" count="4" type="cond" truecount="2" falsecount="0"/>
      <line num="46" count="4" type="stmt"/>
      <line num="47" count="4" type="cond" truecount="2" falsecount="0"/>
      <line num="49" count="4" type="stmt"/>
      <line num="50" count="4" type="stmt"/>
      <line num="52" count="4" type="stmt"/>
      <line num="53" count="4" type="stmt"/>
      <line num="54" count="4" type="stmt"/>
      <line num="57" count="4" type="stmt"/>
      <line num="80" count="4" type="stmt"/>
      <line num="81" count="60" type="stmt"/>
      <line num="85" count="4" type="stmt"/>
      <line num="86" count="181" type="stmt"/>
      <line num="87" count="181" type="stmt"/>
      <line num="89" count="49" type="stmt"/>
      <line num="90" count="128" type="stmt"/>
      <line num="93" count="49" type="stmt"/>
      <line num="94" count="49" type="stmt"/>
      <line num="97" count="4" type="stmt"/>
      <line num="98" count="49" type="stmt"/>
      <line num="99" count="49" type="stmt"/>
      <line num="103" count="4" type="stmt"/>
      <line num="107" count="4" type="stmt"/>
      <line num="110" count="1" type="stmt"/>
    </file>
  </project>
</coverage>
