{"/home/jjj/Code/ahorroJS/model/entryFunctions.js": {"path":"/home/jjj/Code/ahorroJS/model/entryFunctions.js","statementMap":{"0":{"start":{"line":3,"column":20},"end":{"line":3,"column":50}},"1":{"start":{"line":4,"column":27},"end":{"line":4,"column":55}},"2":{"start":{"line":5,"column":15},"end":{"line":5,"column":32}},"3":{"start":{"line":7,"column":13},"end":{"line":7,"column":17}},"4":{"start":{"line":8,"column":11},"end":{"line":8,"column":15}},"5":{"start":{"line":11,"column":2},"end":{"line":26,"column":3}},"6":{"start":{"line":13,"column":4},"end":{"line":13,"column":47}},"7":{"start":{"line":14,"column":4},"end":{"line":14,"column":89}},"8":{"start":{"line":15,"column":4},"end":{"line":25,"column":6}},"9":{"start":{"line":16,"column":6},"end":{"line":22,"column":7}},"10":{"start":{"line":18,"column":8},"end":{"line":19,"column":28}},"11":{"start":{"line":19,"column":10},"end":{"line":19,"column":28}},"12":{"start":{"line":20,"column":23},"end":{"line":20,"column":42}},"13":{"start":{"line":21,"column":8},"end":{"line":21,"column":27}},"14":{"start":{"line":24,"column":6},"end":{"line":24,"column":65}},"15":{"start":{"line":28,"column":2},"end":{"line":28,"column":12}},"16":{"start":{"line":32,"column":4},"end":{"line":35,"column":5}},"17":{"start":{"line":33,"column":6},"end":{"line":33,"column":26}},"18":{"start":{"line":34,"column":6},"end":{"line":34,"column":23}},"19":{"start":{"line":41,"column":20},"end":{"line":41,"column":131}},"20":{"start":{"line":42,"column":18},"end":{"line":42,"column":122}},"21":{"start":{"line":43,"column":4},"end":{"line":43,"column":67}},"22":{"start":{"line":46,"column":28},"end":{"line":46,"column":36}},"23":{"start":{"line":47,"column":4},"end":{"line":47,"column":58}},"24":{"start":{"line":47,"column":31},"end":{"line":47,"column":58}},"25":{"start":{"line":49,"column":15},"end":{"line":49,"column":17}},"26":{"start":{"line":50,"column":4},"end":{"line":50,"column":33}},"27":{"start":{"line":52,"column":23},"end":{"line":52,"column":125}},"28":{"start":{"line":53,"column":4},"end":{"line":55,"column":8}},"29":{"start":{"line":54,"column":8},"end":{"line":54,"column":42}},"30":{"start":{"line":57,"column":21},"end":{"line":77,"column":16}},"31":{"start":{"line":80,"column":4},"end":{"line":82,"column":7}},"32":{"start":{"line":81,"column":8},"end":{"line":81,"column":44}},"33":{"start":{"line":85,"column":4},"end":{"line":90,"column":37}},"34":{"start":{"line":86,"column":8},"end":{"line":88,"column":14}},"35":{"start":{"line":86,"column":49},"end":{"line":86,"column":57}},"36":{"start":{"line":87,"column":12},"end":{"line":87,"column":53}},"37":{"start":{"line":89,"column":8},"end":{"line":89,"column":23}},"38":{"start":{"line":90,"column":22},"end":{"line":90,"column":35}},"39":{"start":{"line":93,"column":18},"end":{"line":95,"column":9}},"40":{"start":{"line":93,"column":44},"end":{"line":93,"column":49}},"41":{"start":{"line":94,"column":8},"end":{"line":94,"column":49}},"42":{"start":{"line":97,"column":4},"end":{"line":100,"column":7}},"43":{"start":{"line":98,"column":8},"end":{"line":98,"column":72}},"44":{"start":{"line":99,"column":8},"end":{"line":99,"column":24}},"45":{"start":{"line":103,"column":17},"end":{"line":106,"column":5}},"46":{"start":{"line":107,"column":4},"end":{"line":107,"column":18}},"47":{"start":{"line":110,"column":0},"end":{"line":110,"column":57}}},"fnMap":{"0":{"name":"initDB","decl":{"start":{"line":10,"column":15},"end":{"line":10,"column":21}},"loc":{"start":{"line":10,"column":27},"end":{"line":29,"column":1}},"line":10},"1":{"name":"(anonymous_1)","decl":{"start":{"line":15,"column":28},"end":{"line":15,"column":29}},"loc":{"start":{"line":16,"column":6},"end":{"line":22,"column":7}},"line":16},"2":{"name":"(anonymous_2)","decl":{"start":{"line":16,"column":21},"end":{"line":16,"column":22}},"loc":{"start":{"line":17,"column":6},"end":{"line":22,"column":6}},"line":17},"3":{"name":"(anonymous_3)","decl":{"start":{"line":23,"column":11},"end":{"line":23,"column":12}},"loc":{"start":{"line":23,"column":16},"end":{"line":25,"column":5}},"line":23},"4":{"name":"closeDB","decl":{"start":{"line":31,"column":15},"end":{"line":31,"column":22}},"loc":{"start":{"line":31,"column":25},"end":{"line":36,"column":3}},"line":31},"5":{"name":"getCategorySummary","decl":{"start":{"line":39,"column":15},"end":{"line":39,"column":33}},"loc":{"start":{"line":39,"column":110},"end":{"line":108,"column":1}},"line":39},"6":{"name":"(anonymous_6)","decl":{"start":{"line":53,"column":61},"end":{"line":53,"column":62}},"loc":{"start":{"line":53,"column":66},"end":{"line":55,"column":5}},"line":53},"7":{"name":"(anonymous_7)","decl":{"start":{"line":80,"column":41},"end":{"line":80,"column":42}},"loc":{"start":{"line":80,"column":55},"end":{"line":82,"column":5}},"line":80},"8":{"name":"(anonymous_8)","decl":{"start":{"line":85,"column":38},"end":{"line":85,"column":39}},"loc":{"start":{"line":85,"column":52},"end":{"line":90,"column":5}},"line":85},"9":{"name":"(anonymous_9)","decl":{"start":{"line":86,"column":44},"end":{"line":86,"column":45}},"loc":{"start":{"line":86,"column":49},"end":{"line":86,"column":57}},"line":86},"10":{"name":"(anonymous_10)","decl":{"start":{"line":86,"column":66},"end":{"line":86,"column":67}},"loc":{"start":{"line":86,"column":84},"end":{"line":88,"column":9}},"line":86},"11":{"name":"(anonymous_11)","decl":{"start":{"line":90,"column":12},"end":{"line":90,"column":13}},"loc":{"start":{"line":90,"column":22},"end":{"line":90,"column":35}},"line":90},"12":{"name":"(anonymous_12)","decl":{"start":{"line":93,"column":39},"end":{"line":93,"column":40}},"loc":{"start":{"line":93,"column":44},"end":{"line":93,"column":49}},"line":93},"13":{"name":"(anonymous_13)","decl":{"start":{"line":93,"column":58},"end":{"line":93,"column":59}},"loc":{"start":{"line":93,"column":76},"end":{"line":95,"column":5}},"line":93},"14":{"name":"(anonymous_14)","decl":{"start":{"line":97,"column":38},"end":{"line":97,"column":39}},"loc":{"start":{"line":97,"column":52},"end":{"line":100,"column":5}},"line":97}},"branchMap":{"0":{"loc":{"start":{"line":11,"column":2},"end":{"line":26,"column":3}},"type":"if","locations":[{"start":{"line":11,"column":2},"end":{"line":26,"column":3}},{"start":{"line":11,"column":2},"end":{"line":26,"column":3}}],"line":11},"1":{"loc":{"start":{"line":13,"column":10},"end":{"line":13,"column":46}},"type":"cond-expr","locations":[{"start":{"line":13,"column":16},"end":{"line":13,"column":19}},{"start":{"line":13,"column":22},"end":{"line":13,"column":46}}],"line":13},"2":{"loc":{"start":{"line":18,"column":8},"end":{"line":19,"column":28}},"type":"if","locations":[{"start":{"line":18,"column":8},"end":{"line":19,"column":28}},{"start":{"line":18,"column":8},"end":{"line":19,"column":28}}],"line":18},"3":{"loc":{"start":{"line":32,"column":4},"end":{"line":35,"column":5}},"type":"if","locations":[{"start":{"line":32,"column":4},"end":{"line":35,"column":5}},{"start":{"line":32,"column":4},"end":{"line":35,"column":5}}],"line":32},"4":{"loc":{"start":{"line":41,"column":20},"end":{"line":41,"column":131}},"type":"cond-expr","locations":[{"start":{"line":41,"column":75},"end":{"line":41,"column":89}},{"start":{"line":41,"column":92},"end":{"line":41,"column":131}}],"line":41},"5":{"loc":{"start":{"line":42,"column":18},"end":{"line":42,"column":122}},"type":"cond-expr","locations":[{"start":{"line":42,"column":70},"end":{"line":42,"column":82}},{"start":{"line":42,"column":85},"end":{"line":42,"column":122}}],"line":42},"6":{"loc":{"start":{"line":43,"column":24},"end":{"line":43,"column":66}},"type":"cond-expr","locations":[{"start":{"line":43,"column":44},"end":{"line":43,"column":61}},{"start":{"line":43,"column":64},"end":{"line":43,"column":66}}],"line":43},"7":{"loc":{"start":{"line":47,"column":4},"end":{"line":47,"column":58}},"type":"if","locations":[{"start":{"line":47,"column":4},"end":{"line":47,"column":58}},{"start":{"line":47,"column":4},"end":{"line":47,"column":58}}],"line":47}},"s":{"0":1,"1":1,"2":1,"3":1,"4":1,"5":3,"6":2,"7":2,"8":2,"9":2,"10":2,"11":1,"12":1,"13":1,"14":1,"15":3,"16":2,"17":1,"18":1,"19":4,"20":4,"21":4,"22":4,"23":4,"24":1,"25":4,"26":4,"27":4,"28":4,"29":4,"30":4,"31":4,"32":60,"33":4,"34":49,"35":181,"36":181,"37":49,"38":128,"39":4,"40":49,"41":49,"42":4,"43":49,"44":49,"45":4,"46":4,"47":1},"f":{"0":3,"1":2,"2":2,"3":1,"4":2,"5":4,"6":4,"7":60,"8":49,"9":181,"10":181,"11":128,"12":49,"13":49,"14":49},"b":{"0":[2,1],"1":[2,0],"2":[1,1],"3":[1,1],"4":[3,1],"5":[3,1],"6":[2,2],"7":[1,3]},"_coverageSchema":"1a1c01bbd47fc00a2c39e90264f33305004495a9","hash":"102ec9f7b3d5ede3980ab91f5f5806e325b25084"}
}
