TN:
SF:model/entryFunctions.js
FN:10,initDB
FN:15,(anonymous_1)
FN:16,(anonymous_2)
FN:23,(anonymous_3)
FN:31,closeDB
FN:39,getCategorySummary
FN:53,(anonymous_6)
FN:80,(anonymous_7)
FN:85,(anonymous_8)
FN:86,(anonymous_9)
FN:86,(anonymous_10)
FN:90,(anonymous_11)
FN:93,(anonymous_12)
FN:93,(anonymous_13)
FN:97,(anonymous_14)
FNF:15
FNH:15
FNDA:3,initDB
FNDA:2,(anonymous_1)
FNDA:2,(anonymous_2)
FNDA:1,(anonymous_3)
FNDA:2,closeDB
FNDA:4,getCategorySummary
FNDA:4,(anonymous_6)
FNDA:60,(anonymous_7)
FNDA:49,(anonymous_8)
FNDA:181,(anonymous_9)
FNDA:181,(anonymous_10)
FNDA:128,(anonymous_11)
FNDA:49,(anonymous_12)
FNDA:49,(anonymous_13)
FNDA:49,(anonymous_14)
DA:3,1
DA:4,1
DA:5,1
DA:7,1
DA:8,1
DA:11,3
DA:13,2
DA:14,2
DA:15,2
DA:16,2
DA:18,2
DA:19,1
DA:20,1
DA:21,1
DA:24,1
DA:28,3
DA:32,2
DA:33,1
DA:34,1
DA:41,4
DA:42,4
DA:43,4
DA:46,4
DA:47,4
DA:49,4
DA:50,4
DA:52,4
DA:53,4
DA:54,4
DA:57,4
DA:80,4
DA:81,60
DA:85,4
DA:86,181
DA:87,181
DA:89,49
DA:90,128
DA:93,49
DA:94,49
DA:97,4
DA:98,49
DA:99,49
DA:103,4
DA:107,4
DA:110,1
LF:45
LH:45
BRDA:11,0,0,2
BRDA:11,0,1,1
BRDA:13,1,0,2
BRDA:13,1,1,0
BRDA:18,2,0,1
BRDA:18,2,1,1
BRDA:32,3,0,1
BRDA:32,3,1,1
BRDA:41,4,0,3
BRDA:41,4,1,1
BRDA:42,5,0,3
BRDA:42,5,1,1
BRDA:43,6,0,2
BRDA:43,6,1,2
BRDA:47,7,0,1
BRDA:47,7,1,3
BRF:16
BRH:15
end_of_record
